Determining if the pthread_create exist failed with the following output:
Change Dir: /home/wangneng/ROS_Work/ros_ibot/catkin_ws/build/CMakeFiles/CMakeTmp

Run Build Command:"/usr/bin/make" "cmTC_25acf/fast"
/usr/bin/make -f CMakeFiles/cmTC_25acf.dir/build.make CMakeFiles/cmTC_25acf.dir/build
make[1]: Entering directory '/home/wangneng/ROS_Work/ros_ibot/catkin_ws/build/CMakeFiles/CMakeTmp'
Building C object CMakeFiles/cmTC_25acf.dir/CheckSymbolExists.c.o
/usr/bin/cc     -o CMakeFiles/cmTC_25acf.dir/CheckSymbolExists.c.o   -c /home/wangneng/ROS_Work/ros_ibot/catkin_ws/build/CMakeFiles/CMakeTmp/CheckSymbolExists.c
Linking C executable cmTC_25acf
/usr/bin/cmake -E cmake_link_script CMakeFiles/cmTC_25acf.dir/link.txt --verbose=1
/usr/bin/cc       CMakeFiles/cmTC_25acf.dir/CheckSymbolExists.c.o  -o cmTC_25acf -rdynamic 
CMakeFiles/cmTC_25acf.dir/CheckSymbolExists.c.o：在函数‘main’中：
CheckSymbolExists.c:(.text+0x16)：对‘pthread_create’未定义的引用
collect2: error: ld returned 1 exit status
CMakeFiles/cmTC_25acf.dir/build.make:97: recipe for target 'cmTC_25acf' failed
make[1]: *** [cmTC_25acf] Error 1
make[1]: Leaving directory '/home/wangneng/ROS_Work/ros_ibot/catkin_ws/build/CMakeFiles/CMakeTmp'
Makefile:126: recipe for target 'cmTC_25acf/fast' failed
make: *** [cmTC_25acf/fast] Error 2

File /home/wangneng/ROS_Work/ros_ibot/catkin_ws/build/CMakeFiles/CMakeTmp/CheckSymbolExists.c:
/* */
#include <pthread.h>

int main(int argc, char** argv)
{
  (void)argv;
#ifndef pthread_create
  return ((int*)(&pthread_create))[argc];
#else
  (void)argc;
  return 0;
#endif
}

Determining if the function pthread_create exists in the pthreads failed with the following output:
Change Dir: /home/wangneng/ROS_Work/ros_ibot/catkin_ws/build/CMakeFiles/CMakeTmp

Run Build Command:"/usr/bin/make" "cmTC_261a0/fast"
/usr/bin/make -f CMakeFiles/cmTC_261a0.dir/build.make CMakeFiles/cmTC_261a0.dir/build
make[1]: Entering directory '/home/wangneng/ROS_Work/ros_ibot/catkin_ws/build/CMakeFiles/CMakeTmp'
Building C object CMakeFiles/cmTC_261a0.dir/CheckFunctionExists.c.o
/usr/bin/cc    -DCHECK_FUNCTION_EXISTS=pthread_create   -o CMakeFiles/cmTC_261a0.dir/CheckFunctionExists.c.o   -c /usr/share/cmake-3.5/Modules/CheckFunctionExists.c
Linking C executable cmTC_261a0
/usr/bin/cmake -E cmake_link_script CMakeFiles/cmTC_261a0.dir/link.txt --verbose=1
/usr/bin/cc   -DCHECK_FUNCTION_EXISTS=pthread_create    CMakeFiles/cmTC_261a0.dir/CheckFunctionExists.c.o  -o cmTC_261a0 -rdynamic -lpthreads 
/usr/bin/ld: 找不到 -lpthreads
collect2: error: ld returned 1 exit status
CMakeFiles/cmTC_261a0.dir/build.make:97: recipe for target 'cmTC_261a0' failed
make[1]: *** [cmTC_261a0] Error 1
make[1]: Leaving directory '/home/wangneng/ROS_Work/ros_ibot/catkin_ws/build/CMakeFiles/CMakeTmp'
Makefile:126: recipe for target 'cmTC_261a0/fast' failed
make: *** [cmTC_261a0/fast] Error 2


